<?xml version="1.0" encoding="UTF-8"?>
<coverage generated="1779815362609" clover="3.2.0">
  <project timestamp="1779815362609" name="All files">
    <metrics statements="20" coveredstatements="16" conditionals="8" coveredconditionals="7" methods="5" coveredmethods="3" elements="33" coveredelements="26" complexity="0" loc="20" ncloc="20" packages="2" files="4" classes="4"/>
    <package name="dist">
      <metrics statements="13" coveredstatements="11" conditionals="6" coveredconditionals="5" methods="3" coveredmethods="2"/>
      <file name="getLevel.js" path="C:\Users\Neo\Desktop\Mocking\dist\getLevel.js">
        <metrics statements="10" coveredstatements="9" conditionals="6" coveredconditionals="5" methods="2" coveredmethods="2"/>
        <line num="3" count="1" type="stmt"/>
        <line num="6" count="1" type="stmt"/>
        <line num="7" count="1" type="stmt"/>
        <line num="8" count="1" type="cond" truecount="3" falsecount="1"/>
        <line num="10" count="2" type="stmt"/>
        <line num="11" count="2" type="stmt"/>
        <line num="12" count="2" type="cond" truecount="2" falsecount="0"/>
        <line num="13" count="1" type="stmt"/>
        <line num="15" count="1" type="stmt"/>
        <line num="18" count="0" type="stmt"/>
      </file>
      <file name="http.js" path="C:\Users\Neo\Desktop\Mocking\dist\http.js">
        <metrics statements="3" coveredstatements="2" conditionals="0" coveredconditionals="0" methods="1" coveredmethods="0"/>
        <line num="3" count="1" type="stmt"/>
        <line num="6" count="1" type="stmt"/>
        <line num="8" count="0" type="stmt"/>
      </file>
    </package>
    <package name="src">
      <metrics statements="7" coveredstatements="5" conditionals="2" coveredconditionals="2" methods="2" coveredmethods="1"/>
      <file name="getLevel.js" path="C:\Users\Neo\Desktop\Mocking\src\getLevel.js">
        <metrics statements="6" coveredstatements="5" conditionals="2" coveredconditionals="2" methods="1" coveredmethods="1"/>
        <line num="4" count="2" type="stmt"/>
        <line num="5" count="2" type="stmt"/>
        <line num="7" count="2" type="cond" truecount="2" falsecount="0"/>
        <line num="8" count="1" type="stmt"/>
        <line num="10" count="1" type="stmt"/>
        <line num="13" count="0" type="stmt"/>
      </file>
      <file name="http.js" path="C:\Users\Neo\Desktop\Mocking\src\http.js">
        <metrics statements="1" coveredstatements="0" conditionals="0" coveredconditionals="0" methods="1" coveredmethods="0"/>
        <line num="2" count="0" type="stmt"/>
      </file>
    </package>
  </project>
</coverage>
