{"C:\\Users\\Neo\\Desktop\\Mocking\\dist\\getLevel.js": {"path":"C:\\Users\\Neo\\Desktop\\Mocking\\dist\\getLevel.js","statementMap":{"0":{"start":{"line":3,"column":0},"end":{"line":5,"column":3}},"1":{"start":{"line":6,"column":0},"end":{"line":6,"column":27}},"2":{"start":{"line":7,"column":12},"end":{"line":7,"column":53}},"3":{"start":{"line":8,"column":37},"end":{"line":8,"column":83}},"4":{"start":{"line":10,"column":2},"end":{"line":19,"column":3}},"5":{"start":{"line":11,"column":21},"end":{"line":11,"column":47}},"6":{"start":{"line":12,"column":4},"end":{"line":16,"column":5}},"7":{"start":{"line":13,"column":6},"end":{"line":13,"column":54}},"8":{"start":{"line":15,"column":6},"end":{"line":15,"column":56}},"9":{"start":{"line":18,"column":4},"end":{"line":18,"column":54}}},"fnMap":{"0":{"name":"_interopRequireDefault","decl":{"start":{"line":8,"column":9},"end":{"line":8,"column":31}},"loc":{"start":{"line":8,"column":35},"end":{"line":8,"column":85}},"line":8},"1":{"name":"getLevel","decl":{"start":{"line":9,"column":9},"end":{"line":9,"column":17}},"loc":{"start":{"line":9,"column":26},"end":{"line":20,"column":1}},"line":9}},"branchMap":{"0":{"loc":{"start":{"line":8,"column":44},"end":{"line":8,"column":82}},"type":"cond-expr","locations":[{"start":{"line":8,"column":64},"end":{"line":8,"column":65}},{"start":{"line":8,"column":68},"end":{"line":8,"column":82}}],"line":8},"1":{"loc":{"start":{"line":8,"column":44},"end":{"line":8,"column":61}},"type":"binary-expr","locations":[{"start":{"line":8,"column":44},"end":{"line":8,"column":45}},{"start":{"line":8,"column":49},"end":{"line":8,"column":61}}],"line":8},"2":{"loc":{"start":{"line":12,"column":4},"end":{"line":16,"column":5}},"type":"if","locations":[{"start":{"line":12,"column":4},"end":{"line":16,"column":5}},{"start":{"line":14,"column":11},"end":{"line":16,"column":5}}],"line":12}},"s":{"0":1,"1":1,"2":1,"3":1,"4":2,"5":2,"6":2,"7":1,"8":1,"9":0},"f":{"0":1,"1":2},"b":{"0":[1,0],"1":[1,1],"2":[1,1]},"_coverageSchema":"1a1c01bbd47fc00a2c39e90264f33305004495a9","hash":"42f3c77bd1f6a1fe13f808c84761653fd33eb980"}
,"C:\\Users\\Neo\\Desktop\\Mocking\\dist\\http.js": {"path":"C:\\Users\\Neo\\Desktop\\Mocking\\dist\\http.js","statementMap":{"0":{"start":{"line":3,"column":0},"end":{"line":5,"column":3}},"1":{"start":{"line":6,"column":0},"end":{"line":6,"column":28}},"2":{"start":{"line":8,"column":2},"end":{"line":8,"column":39}}},"fnMap":{"0":{"name":"fetchData","decl":{"start":{"line":7,"column":9},"end":{"line":7,"column":18}},"loc":{"start":{"line":7,"column":24},"end":{"line":9,"column":1}},"line":7}},"branchMap":{},"s":{"0":1,"1":1,"2":0},"f":{"0":0},"b":{},"_coverageSchema":"1a1c01bbd47fc00a2c39e90264f33305004495a9","hash":"af4500e1fa25be59511c87b2f50b24ad03abbf6e"}
,"C:\\Users\\Neo\\Desktop\\Mocking\\src\\getLevel.js": {"path":"C:\\Users\\Neo\\Desktop\\Mocking\\src\\getLevel.js","statementMap":{"0":{"start":{"line":4,"column":2},"end":{"line":14,"column":3}},"1":{"start":{"line":5,"column":21},"end":{"line":5,"column":38}},"2":{"start":{"line":7,"column":4},"end":{"line":11,"column":5}},"3":{"start":{"line":8,"column":6},"end":{"line":8,"column":54}},"4":{"start":{"line":10,"column":6},"end":{"line":10,"column":56}},"5":{"start":{"line":13,"column":4},"end":{"line":13,"column":54}}},"fnMap":{"0":{"name":"getLevel","decl":{"start":{"line":3,"column":24},"end":{"line":3,"column":32}},"loc":{"start":{"line":3,"column":41},"end":{"line":15,"column":1}},"line":3}},"branchMap":{"0":{"loc":{"start":{"line":7,"column":4},"end":{"line":11,"column":5}},"type":"if","locations":[{"start":{"line":7,"column":4},"end":{"line":11,"column":5}},{"start":{"line":9,"column":11},"end":{"line":11,"column":5}}],"line":7}},"s":{"0":2,"1":2,"2":2,"3":1,"4":1,"5":0},"f":{"0":2},"b":{"0":[1,1]},"_coverageSchema":"1a1c01bbd47fc00a2c39e90264f33305004495a9","hash":"2460c385c266b160adafd619d72397622a7b9f2b"}
,"C:\\Users\\Neo\\Desktop\\Mocking\\src\\http.js": {"path":"C:\\Users\\Neo\\Desktop\\Mocking\\src\\http.js","statementMap":{"0":{"start":{"line":2,"column":2},"end":{"line":2,"column":39}}},"fnMap":{"0":{"name":"fetchData","decl":{"start":{"line":1,"column":24},"end":{"line":1,"column":33}},"loc":{"start":{"line":1,"column":39},"end":{"line":3,"column":1}},"line":1}},"branchMap":{},"s":{"0":0},"f":{"0":0},"b":{},"_coverageSchema":"1a1c01bbd47fc00a2c39e90264f33305004495a9","hash":"c278b475a7454db6209f67c9ed01006b4e7dcc2a"}
}
