TN:
SF:dist\getLevel.js
FN:8,_interopRequireDefault
FN:9,getLevel
FNF:2
FNH:2
FNDA:1,_interopRequireDefault
FNDA:2,getLevel
DA:3,1
DA:6,1
DA:7,1
DA:8,1
DA:10,2
DA:11,2
DA:12,2
DA:13,1
DA:15,1
DA:18,0
LF:10
LH:9
BRDA:8,0,0,1
BRDA:8,0,1,0
BRDA:8,1,0,1
BRDA:8,1,1,1
BRDA:12,2,0,1
BRDA:12,2,1,1
BRF:6
BRH:5
end_of_record
TN:
SF:dist\http.js
FN:7,fetchData
FNF:1
FNH:0
FNDA:0,fetchData
DA:3,1
DA:6,1
DA:8,0
LF:3
LH:2
BRF:0
BRH:0
end_of_record
TN:
SF:src\getLevel.js
FN:3,getLevel
FNF:1
FNH:1
FNDA:2,getLevel
DA:4,2
DA:5,2
DA:7,2
DA:8,1
DA:10,1
DA:13,0
LF:6
LH:5
BRDA:7,0,0,1
BRDA:7,0,1,1
BRF:2
BRH:2
end_of_record
TN:
SF:src\http.js
FN:1,fetchData
FNF:1
FNH:0
FNDA:0,fetchData
DA:2,0
LF:1
LH:0
BRF:0
BRH:0
end_of_record
